
> site@0.1.0 build
> next build

Γû▓ Next.js 16.1.6 (Turbopack)
- Environments: .env
- Experiments (use with caution):
  ┬╖ optimizePackageImports

node.exe : ΓÜá The "middleware" file convention is deprecated. 
Please use "proxy" instead. Learn more: 
https://nextjs.org/docs/messages/middleware-to-proxy
At line:1 char:1
+ & "C:\Program Files\nodejs/node.exe" "C:\Program 
Files\nodejs/node_mo ...
+ ~~~~~~~~~~~~~~~~~~~~~~~~~~~~~~~~~~~~~~~~~~~~~~~~~~~~~~~~~~~~~~
~~~~~~~
    + CategoryInfo          : NotSpecified: (ΓÜá The "middle... 
   leware-to-proxy:String) [], RemoteException
    + FullyQualifiedErrorId : NativeCommandError
 
  Creating an optimized production build ...
Γ£ô Compiled successfully in 2.6s
  Running TypeScript ...
Failed to compile.

./app/admin/page.tsx:48:18
Type error: Property 'isText' does not exist on type '{ label: 
string; value: number; color: string; }'.

[0m [90m 46 |[39m           [33m>[39m
 [90m 47 |[39m             [33m<[39m[33mp[39m 
style[33m=[39m{{ fontSize[33m:[39m [35m28[39m[33m,[39m 
fontWeight[33m:[39m [35m800[39m[33m,[39m color[33m:[39m 
s[33m.[39mcolor[33m,[39m lineHeight[33m:[39m [35m1[39m 
}}[33m>[39m
[31m[1m>[22m[39m[90m 48 |[39m               
{s[33m.[39misText [33m?[39m [33mString[39m(s[33m.[39mval
ue)[33m.[39mcharAt([35m0[39m)[33m.[39mtoUpperCase() 
[33m+[39m [33mString[39m(s[33m.[39mvalue)[33m.[39mslice(
[35m1[39m) [33m:[39m 
s[33m.[39mvalue[33m.[39mtoLocaleString()}
 [90m    |[39m                  [31m[1m^[22m[39m
 [90m 49 |[39m             
[33m<[39m[33m/[39m[33mp[39m[33m>[39m
 [90m 50 |[39m             [33m<[39m[33mp[39m 
style[33m=[39m{{ fontSize[33m:[39m [35m12[39m[33m,[39m 
color[33m:[39m [32m"rgba(255,255,255,0.38)"[39m[33m,[39m 
marginTop[33m:[39m [35m8[39m }}[33m>[39m{s[33m.[39mlabel
}[33m<[39m[33m/[39m[33mp[39m[33m>[39m
 [90m 51 |[39m           
[33m<[39m[33m/[39m[33mdiv[39m[33m>[39m[0m
Next.js build worker exited with code: 1 and signal: null
